<?xml version="1.0" encoding="UTF-8"?>
<testsuite xmlns:xsi="http://www.w3.org/2001/XMLSchema-instance" xsi:noNamespaceSchemaLocation="https://maven.apache.org/surefire/maven-surefire-plugin/xsd/surefire-test-report-3.0.xsd" version="3.0" name="com.cyFramework.core.ActeurTest" time="0.106" tests="4" errors="0" skipped="0" failures="0">
  <properties>
[...]
</properties>
  <testcase name="testFlush" classname="com.cyFramework.core.ActeurTest" time="0.076">
    <system-out><![CDATA[[2025-12-25 22:44:56] [INFO] [ActeurTest] Acteur démarré.
[2025-12-25 22:44:56] [INFO] [ActeurTest] Boîte de messages vidée (flush).
]]></system-out>
  </testcase>
  <testcase name="testFIFO" classname="com.cyFramework.core.ActeurTest" time="0.003">
    <system-out><![CDATA[[2025-12-25 22:44:56] [INFO] [ActeurTest] Acteur démarré.
]]></system-out>
  </testcase>
  <testcase name="testFreezeActeur" classname="com.cyFramework.core.ActeurTest" time="0.003">
    <system-out><![CDATA[[2025-12-25 22:44:56] [INFO] [ActeurTest] Acteur démarré.
[2025-12-25 22:44:56] [INFO] [ActeurTest] Acteur gelé (freeze).
]]></system-out>
  </testcase>
  <testcase name="testUnfreezeActeur" classname="com.cyFramework.core.ActeurTest" time="0.003">
    <system-out><![CDATA[[2025-12-25 22:44:56] [INFO] [ActeurTest] Acteur démarré.
[2025-12-25 22:44:56] [INFO] [ActeurTest] Acteur gelé (freeze).
[2025-12-25 22:44:56] [INFO] [ActeurTest] Acteur réactivé (unfreeze).
]]></system-out>
  </testcase>
</testsuite>